<?xml version="1.0" encoding="UTF-8"?>
<!-- Generated by org.testng.reporters.JUnitReportReporter -->
<testsuite hostname="yucelkahraman" failures="0" tests="3" name="runner_file.Runner_SearchProduct_TestNG3" time="43.475" errors="0" timestamp="2024-12-17T19:44:42 EST" skipped="0">
  <testcase classname="runner_file.Runner_SearchProduct_TestNG3" name="runScenario" time="13.618"/>
  <testcase classname="runner_file.Runner_SearchProduct_TestNG3" name="runScenario" time="14.713"/>
  <testcase classname="runner_file.Runner_SearchProduct_TestNG3" name="runScenario" time="15.144"/>
</testsuite> <!-- runner_file.Runner_SearchProduct_TestNG3 -->
