<?xml version="1.0" encoding="UTF-8"?>
<!-- Generated by org.testng.reporters.JUnitReportReporter -->
<testsuite hostname="yucelkahraman" failures="0" tests="1" name="com.Locators.Locators" time="7.682" errors="0" timestamp="2024-12-05T13:04:59 EST" skipped="0">
  <testcase classname="com.Locators.Locators" name="RegisterMandatoryField" time="7.682"/>
</testsuite> <!-- com.Locators.Locators -->
